Compiling C:\Users\ACER\Dropbox\My PC (LAPTOP-BQ93S5HV)\Desktop\DO AN\CODE\IoT on 30-May-22 at 15:49
>>> Warning 225 "C:\Program Files (x86)\PICC\Devices\16F877A.h" Line 74(15,19): Duplicate #define
>>> Warning 225 "C:\Program Files (x86)\PICC\Devices\16F877A.h" Line 75(15,19): Duplicate #define
>>> Warning 225 "C:\Program Files (x86)\PICC\Devices\16F877A.h" Line 76(15,19): Duplicate #define
>>> Warning 225 "C:\Program Files (x86)\PICC\Devices\16F877A.h" Line 77(15,19): Duplicate #define
>>> Warning 225 "C:\Program Files (x86)\PICC\Devices\16F877A.h" Line 78(15,19): Duplicate #define
>>> Warning 225 "C:\Program Files (x86)\PICC\Devices\16F877A.h" Line 79(15,19): Duplicate #define
>>> Warning 225 "C:\Program Files (x86)\PICC\Devices\16F877A.h" Line 81(15,19): Duplicate #define
>>> Warning 225 "C:\Program Files (x86)\PICC\Devices\16F877A.h" Line 82(15,19): Duplicate #define
>>> Warning 225 "C:\Program Files (x86)\PICC\Devices\16F877A.h" Line 83(15,19): Duplicate #define
>>> Warning 225 "C:\Program Files (x86)\PICC\Devices\16F877A.h" Line 84(15,19): Duplicate #define
>>> Warning 225 "C:\Program Files (x86)\PICC\Devices\16F877A.h" Line 85(15,19): Duplicate #define
>>> Warning 225 "C:\Program Files (x86)\PICC\Devices\16F877A.h" Line 86(15,19): Duplicate #define
>>> Warning 225 "C:\Program Files (x86)\PICC\Devices\16F877A.h" Line 87(15,19): Duplicate #define
>>> Warning 225 "C:\Program Files (x86)\PICC\Devices\16F877A.h" Line 88(15,19): Duplicate #define
>>> Warning 225 "C:\Program Files (x86)\PICC\Devices\16F877A.h" Line 90(15,19): Duplicate #define
>>> Warning 225 "C:\Program Files (x86)\PICC\Devices\16F877A.h" Line 91(15,19): Duplicate #define
>>> Warning 225 "C:\Program Files (x86)\PICC\Devices\16F877A.h" Line 92(15,19): Duplicate #define
>>> Warning 225 "C:\Program Files (x86)\PICC\Devices\16F877A.h" Line 93(15,19): Duplicate #define
>>> Warning 225 "C:\Program Files (x86)\PICC\Devices\16F877A.h" Line 94(15,19): Duplicate #define
>>> Warning 225 "C:\Program Files (x86)\PICC\Devices\16F877A.h" Line 95(15,19): Duplicate #define
>>> Warning 225 "C:\Program Files (x86)\PICC\Devices\16F877A.h" Line 96(15,19): Duplicate #define
>>> Warning 225 "C:\Program Files (x86)\PICC\Devices\16F877A.h" Line 97(15,19): Duplicate #define
>>> Warning 225 "C:\Program Files (x86)\PICC\Devices\16F877A.h" Line 99(15,19): Duplicate #define
>>> Warning 225 "C:\Program Files (x86)\PICC\Devices\16F877A.h" Line 100(15,19): Duplicate #define
>>> Warning 225 "C:\Program Files (x86)\PICC\Devices\16F877A.h" Line 101(15,19): Duplicate #define
>>> Warning 225 "C:\Program Files (x86)\PICC\Devices\16F877A.h" Line 102(15,19): Duplicate #define
>>> Warning 225 "C:\Program Files (x86)\PICC\Devices\16F877A.h" Line 103(15,19): Duplicate #define
>>> Warning 225 "C:\Program Files (x86)\PICC\Devices\16F877A.h" Line 104(15,19): Duplicate #define
>>> Warning 225 "C:\Program Files (x86)\PICC\Devices\16F877A.h" Line 105(15,19): Duplicate #define
>>> Warning 225 "C:\Program Files (x86)\PICC\Devices\16F877A.h" Line 106(15,19): Duplicate #define
>>> Warning 225 "C:\Program Files (x86)\PICC\Devices\16F877A.h" Line 108(15,19): Duplicate #define
>>> Warning 225 "C:\Program Files (x86)\PICC\Devices\16F877A.h" Line 109(15,19): Duplicate #define
>>> Warning 225 "C:\Program Files (x86)\PICC\Devices\16F877A.h" Line 110(15,19): Duplicate #define
>>> Warning 225 "C:\Program Files (x86)\PICC\Devices\16F877A.h" Line 113(14,16): Duplicate #define
>>> Warning 225 "C:\Program Files (x86)\PICC\Devices\16F877A.h" Line 114(13,15): Duplicate #define
>>> Warning 225 "C:\Program Files (x86)\PICC\Devices\16F877A.h" Line 116(13,18): Duplicate #define
>>> Warning 225 "C:\Program Files (x86)\PICC\Devices\16F877A.h" Line 117(16,21): Duplicate #define
>>> Warning 225 "C:\Program Files (x86)\PICC\Devices\16F877A.h" Line 119(13,19): Duplicate #define
>>> Warning 225 "C:\Program Files (x86)\PICC\Devices\16F877A.h" Line 120(14,20): Duplicate #define
>>> Warning 225 "C:\Program Files (x86)\PICC\Devices\16F877A.h" Line 121(16,22): Duplicate #define
>>> Warning 225 "C:\Program Files (x86)\PICC\Devices\16F877A.h" Line 122(13,21): Duplicate #define
>>> Warning 225 "C:\Program Files (x86)\PICC\Devices\16F877A.h" Line 123(14,22): Duplicate #define
>>> Warning 225 "C:\Program Files (x86)\PICC\Devices\16F877A.h" Line 124(14,19): Duplicate #define
>>> Warning 225 "C:\Program Files (x86)\PICC\Devices\16F877A.h" Line 125(14,19): Duplicate #define
>>> Warning 225 "C:\Program Files (x86)\PICC\Devices\16F877A.h" Line 134(23,32): Duplicate #define
>>> Warning 225 "C:\Program Files (x86)\PICC\Devices\16F877A.h" Line 135(20,32): Duplicate #define
>>> Warning 225 "C:\Program Files (x86)\PICC\Devices\16F877A.h" Line 136(24,32): Duplicate #define
>>> Warning 225 "C:\Program Files (x86)\PICC\Devices\16F877A.h" Line 137(22,32): Duplicate #define
>>> Warning 225 "C:\Program Files (x86)\PICC\Devices\16F877A.h" Line 138(24,32): Duplicate #define
>>> Warning 225 "C:\Program Files (x86)\PICC\Devices\16F877A.h" Line 139(25,32): Duplicate #define
>>> Warning 225 "C:\Program Files (x86)\PICC\Devices\16F877A.h" Line 153(20,27): Duplicate #define
>>> Warning 225 "C:\Program Files (x86)\PICC\Devices\16F877A.h" Line 154(22,25): Duplicate #define
>>> Warning 225 "C:\Program Files (x86)\PICC\Devices\16F877A.h" Line 155(22,25): Duplicate #define
>>> Warning 225 "C:\Program Files (x86)\PICC\Devices\16F877A.h" Line 157(17,24): Duplicate #define
>>> Warning 225 "C:\Program Files (x86)\PICC\Devices\16F877A.h" Line 158(17,24): Duplicate #define
>>> Warning 225 "C:\Program Files (x86)\PICC\Devices\16F877A.h" Line 159(17,24): Duplicate #define
>>> Warning 225 "C:\Program Files (x86)\PICC\Devices\16F877A.h" Line 160(17,24): Duplicate #define
>>> Warning 225 "C:\Program Files (x86)\PICC\Devices\16F877A.h" Line 161(18,24): Duplicate #define
>>> Warning 225 "C:\Program Files (x86)\PICC\Devices\16F877A.h" Line 162(18,24): Duplicate #define
>>> Warning 225 "C:\Program Files (x86)\PICC\Devices\16F877A.h" Line 163(18,24): Duplicate #define
>>> Warning 225 "C:\Program Files (x86)\PICC\Devices\16F877A.h" Line 164(19,24): Duplicate #define
>>> Warning 225 "C:\Program Files (x86)\PICC\Devices\16F877A.h" Line 165(19,24): Duplicate #define
>>> Warning 225 "C:\Program Files (x86)\PICC\Devices\16F877A.h" Line 168(17,29): Duplicate #define
>>> Warning 225 "C:\Program Files (x86)\PICC\Devices\16F877A.h" Line 172(22,28): Duplicate #define
>>> Warning 225 "C:\Program Files (x86)\PICC\Devices\16F877A.h" Line 173(24,32): Duplicate #define
>>> Warning 225 "C:\Program Files (x86)\PICC\Devices\16F877A.h" Line 174(24,27): Duplicate #define
>>> Warning 225 "C:\Program Files (x86)\PICC\Devices\16F877A.h" Line 175(19,26): Duplicate #define
>>> Warning 225 "C:\Program Files (x86)\PICC\Devices\16F877A.h" Line 176(19,26): Duplicate #define
>>> Warning 225 "C:\Program Files (x86)\PICC\Devices\16F877A.h" Line 177(19,26): Duplicate #define
>>> Warning 225 "C:\Program Files (x86)\PICC\Devices\16F877A.h" Line 178(19,26): Duplicate #define
>>> Warning 225 "C:\Program Files (x86)\PICC\Devices\16F877A.h" Line 179(20,26): Duplicate #define
>>> Warning 225 "C:\Program Files (x86)\PICC\Devices\16F877A.h" Line 180(20,26): Duplicate #define
>>> Warning 225 "C:\Program Files (x86)\PICC\Devices\16F877A.h" Line 181(20,26): Duplicate #define
>>> Warning 225 "C:\Program Files (x86)\PICC\Devices\16F877A.h" Line 182(21,26): Duplicate #define
>>> Warning 225 "C:\Program Files (x86)\PICC\Devices\16F877A.h" Line 183(21,26): Duplicate #define
>>> Warning 225 "C:\Program Files (x86)\PICC\Devices\16F877A.h" Line 184(19,31): Duplicate #define
>>> Warning 225 "C:\Program Files (x86)\PICC\Devices\16F877A.h" Line 199(17,29): Duplicate #define
>>> Warning 225 "C:\Program Files (x86)\PICC\Devices\16F877A.h" Line 200(17,29): Duplicate #define
>>> Warning 225 "C:\Program Files (x86)\PICC\Devices\16F877A.h" Line 201(17,29): Duplicate #define
>>> Warning 225 "C:\Program Files (x86)\PICC\Devices\16F877A.h" Line 202(18,29): Duplicate #define
>>> Warning 225 "C:\Program Files (x86)\PICC\Devices\16F877A.h" Line 203(18,29): Duplicate #define
>>> Warning 225 "C:\Program Files (x86)\PICC\Devices\16F877A.h" Line 204(18,29): Duplicate #define
>>> Warning 225 "C:\Program Files (x86)\PICC\Devices\16F877A.h" Line 205(19,29): Duplicate #define
>>> Warning 225 "C:\Program Files (x86)\PICC\Devices\16F877A.h" Line 206(19,29): Duplicate #define
>>> Warning 225 "C:\Program Files (x86)\PICC\Devices\16F877A.h" Line 217(20,30): Duplicate #define
>>> Warning 225 "C:\Program Files (x86)\PICC\Devices\16F877A.h" Line 218(20,33): Duplicate #define
>>> Warning 225 "C:\Program Files (x86)\PICC\Devices\16F877A.h" Line 219(20,33): Duplicate #define
>>> Warning 225 "C:\Program Files (x86)\PICC\Devices\16F877A.h" Line 220(25,33): Duplicate #define
>>> Warning 225 "C:\Program Files (x86)\PICC\Devices\16F877A.h" Line 222(19,30): Duplicate #define
>>> Warning 225 "C:\Program Files (x86)\PICC\Devices\16F877A.h" Line 224(20,30): Duplicate #define
>>> Warning 225 "C:\Program Files (x86)\PICC\Devices\16F877A.h" Line 225(20,33): Duplicate #define
>>> Warning 225 "C:\Program Files (x86)\PICC\Devices\16F877A.h" Line 226(20,33): Duplicate #define
>>> Warning 225 "C:\Program Files (x86)\PICC\Devices\16F877A.h" Line 227(20,33): Duplicate #define
>>> Warning 225 "C:\Program Files (x86)\PICC\Devices\16F877A.h" Line 236(20,30): Duplicate #define
>>> Warning 225 "C:\Program Files (x86)\PICC\Devices\16F877A.h" Line 237(20,30): Duplicate #define
>>> Warning 225 "C:\Program Files (x86)\PICC\Devices\16F877A.h" Line 238(20,30): Duplicate #define
>>> Warning 225 "C:\Program Files (x86)\PICC\Devices\16F877A.h" Line 239(21,31): Duplicate #define
>>> Warning 225 "C:\Program Files (x86)\PICC\Devices\16F877A.h" Line 250(16,43): Duplicate #define
>>> Warning 225 "C:\Program Files (x86)\PICC\Devices\16F877A.h" Line 251(23,46): Duplicate #define
>>> Warning 225 "C:\Program Files (x86)\PICC\Devices\16F877A.h" Line 252(23,46): Duplicate #define
>>> Warning 225 "C:\Program Files (x86)\PICC\Devices\16F877A.h" Line 253(26,46): Duplicate #define
>>> Warning 225 "C:\Program Files (x86)\PICC\Devices\16F877A.h" Line 254(27,46): Duplicate #define
>>> Warning 225 "C:\Program Files (x86)\PICC\Devices\16F877A.h" Line 255(33,46): Duplicate #define
>>> Warning 225 "C:\Program Files (x86)\PICC\Devices\16F877A.h" Line 256(33,46): Duplicate #define
>>> Warning 225 "C:\Program Files (x86)\PICC\Devices\16F877A.h" Line 257(24,59): Duplicate #define
>>> Warning 225 "C:\Program Files (x86)\PICC\Devices\16F877A.h" Line 258(32,58): Duplicate #define
>>> Warning 225 "C:\Program Files (x86)\PICC\Devices\16F877A.h" Line 259(16,50): Duplicate #define
>>> Warning 225 "C:\Program Files (x86)\PICC\Devices\16F877A.h" Line 260(23,59): Duplicate #define
>>> Warning 225 "C:\Program Files (x86)\PICC\Devices\16F877A.h" Line 261(23,59): Duplicate #define
>>> Warning 225 "C:\Program Files (x86)\PICC\Devices\16F877A.h" Line 262(23,59): Duplicate #define
>>> Warning 238 "C:\Program Files (x86)\PICC\Devices\16F877A.h" Line 265(2,6): Duplicate #locate
>>> Warning 238 "C:\Program Files (x86)\PICC\Devices\16F877A.h" Line 266(2,6): Duplicate #locate
>>> Warning 238 "C:\Program Files (x86)\PICC\Devices\16F877A.h" Line 266(61,63): Duplicate #locate
>>> Warning 238 "C:\Program Files (x86)\PICC\Devices\16F877A.h" Line 274(2,6): Duplicate #locate
>>> Warning 238 "C:\Program Files (x86)\PICC\Devices\16F877A.h" Line 275(2,6): Duplicate #locate
>>> Warning 238 "C:\Program Files (x86)\PICC\Devices\16F877A.h" Line 275(61,63): Duplicate #locate
>>> Warning 225 "C:\Program Files (x86)\PICC\Devices\16F877A.h" Line 287(20,28): Duplicate #define
>>> Warning 225 "C:\Program Files (x86)\PICC\Devices\16F877A.h" Line 288(21,25): Duplicate #define
>>> Warning 238 "C:\Program Files (x86)\PICC\Devices\16F877A.h" Line 290(19,20): Duplicate #locate
>>> Warning 225 "C:\Program Files (x86)\PICC\Devices\16F877A.h" Line 302(21,39): Duplicate #define
>>> Warning 225 "C:\Program Files (x86)\PICC\Devices\16F877A.h" Line 303(19,39): Duplicate #define
>>> Warning 225 "C:\Program Files (x86)\PICC\Devices\16F877A.h" Line 304(18,39): Duplicate #define
>>> Warning 225 "C:\Program Files (x86)\PICC\Devices\16F877A.h" Line 305(26,39): Duplicate #define
>>> Warning 225 "C:\Program Files (x86)\PICC\Devices\16F877A.h" Line 306(25,39): Duplicate #define
>>> Warning 225 "C:\Program Files (x86)\PICC\Devices\16F877A.h" Line 307(22,39): Duplicate #define
>>> Warning 225 "C:\Program Files (x86)\PICC\Devices\16F877A.h" Line 308(23,39): Duplicate #define
>>> Warning 225 "C:\Program Files (x86)\PICC\Devices\16F877A.h" Line 309(23,39): Duplicate #define
>>> Warning 225 "C:\Program Files (x86)\PICC\Devices\16F877A.h" Line 310(19,39): Duplicate #define
>>> Warning 225 "C:\Program Files (x86)\PICC\Devices\16F877A.h" Line 312(24,40): Duplicate #define
>>> Warning 225 "C:\Program Files (x86)\PICC\Devices\16F877A.h" Line 313(24,40): Duplicate #define
>>> Warning 225 "C:\Program Files (x86)\PICC\Devices\16F877A.h" Line 315(29,40): Duplicate #define
>>> Warning 225 "C:\Program Files (x86)\PICC\Devices\16F877A.h" Line 316(26,40): Duplicate #define
>>> Warning 225 "C:\Program Files (x86)\PICC\Devices\16F877A.h" Line 319(19,42): Duplicate #define
>>> Warning 225 "C:\Program Files (x86)\PICC\Devices\16F877A.h" Line 320(19,43): Duplicate #define
>>> Warning 225 "C:\Program Files (x86)\PICC\Devices\16F877A.h" Line 333(21,33): Duplicate #define
>>> Warning 225 "C:\Program Files (x86)\PICC\Devices\16F877A.h" Line 334(18,33): Duplicate #define
>>> Warning 225 "C:\Program Files (x86)\PICC\Devices\16F877A.h" Line 340(20,29): Duplicate #define
>>> Warning 225 "C:\Program Files (x86)\PICC\Devices\16F877A.h" Line 341(33,42): Duplicate #define
>>> Warning 225 "C:\Program Files (x86)\PICC\Devices\16F877A.h" Line 342(33,42): Duplicate #define
>>> Warning 225 "C:\Program Files (x86)\PICC\Devices\16F877A.h" Line 343(20,29): Duplicate #define
>>> Warning 225 "C:\Program Files (x86)\PICC\Devices\16F877A.h" Line 344(20,29): Duplicate #define
>>> Warning 225 "C:\Program Files (x86)\PICC\Devices\16F877A.h" Line 345(30,39): Duplicate #define
>>> Warning 225 "C:\Program Files (x86)\PICC\Devices\16F877A.h" Line 346(20,28): Duplicate #define
>>> Warning 225 "C:\Program Files (x86)\PICC\Devices\16F877A.h" Line 347(20,28): Duplicate #define
>>> Warning 225 "C:\Program Files (x86)\PICC\Devices\16F877A.h" Line 348(19,30): Duplicate #define
>>> Warning 225 "C:\Program Files (x86)\PICC\Devices\16F877A.h" Line 349(19,30): Duplicate #define
>>> Warning 238 "C:\Program Files (x86)\PICC\Devices\16F877A.h" Line 352(2,5): Duplicate #locate
>>> Warning 238 "C:\Program Files (x86)\PICC\Devices\16F877A.h" Line 352(18,20): Duplicate #locate
>>> Warning 225 "C:\Program Files (x86)\PICC\Devices\16F877A.h" Line 358(17,23): Duplicate #define
>>> Warning 225 "C:\Program Files (x86)\PICC\Devices\16F877A.h" Line 359(18,23): Duplicate #define
>>> Warning 225 "C:\Program Files (x86)\PICC\Devices\16F877A.h" Line 361(16,23): Duplicate #define
>>> Warning 225 "C:\Program Files (x86)\PICC\Devices\16F877A.h" Line 376(16,58): Duplicate #define
>>> Warning 225 "C:\Program Files (x86)\PICC\Devices\16F877A.h" Line 377(24,34): Duplicate #define
>>> Warning 225 "C:\Program Files (x86)\PICC\Devices\16F877A.h" Line 378(24,34): Duplicate #define
>>> Warning 225 "C:\Program Files (x86)\PICC\Devices\16F877A.h" Line 379(24,34): Duplicate #define
>>> Warning 225 "C:\Program Files (x86)\PICC\Devices\16F877A.h" Line 380(25,34): Duplicate #define
>>> Warning 225 "C:\Program Files (x86)\PICC\Devices\16F877A.h" Line 381(25,34): Duplicate #define
>>> Warning 225 "C:\Program Files (x86)\PICC\Devices\16F877A.h" Line 382(25,34): Duplicate #define
>>> Warning 225 "C:\Program Files (x86)\PICC\Devices\16F877A.h" Line 383(27,65): Duplicate #define
>>> Warning 225 "C:\Program Files (x86)\PICC\Devices\16F877A.h" Line 390(19,58): Duplicate #define
>>> Warning 225 "C:\Program Files (x86)\PICC\Devices\16F877A.h" Line 391(19,78): Duplicate #define
>>> Warning 225 "C:\Program Files (x86)\PICC\Devices\16F877A.h" Line 392(45,88): Duplicate #define
>>> Warning 225 "C:\Program Files (x86)\PICC\Devices\16F877A.h" Line 393(28,78): Duplicate #define
>>> Warning 225 "C:\Program Files (x86)\PICC\Devices\16F877A.h" Line 394(33,88): Duplicate #define
>>> Warning 225 "C:\Program Files (x86)\PICC\Devices\16F877A.h" Line 395(20,62): Duplicate #define
>>> Warning 225 "C:\Program Files (x86)\PICC\Devices\16F877A.h" Line 396(25,68): Duplicate #define
>>> Warning 225 "C:\Program Files (x86)\PICC\Devices\16F877A.h" Line 397(42,94): Duplicate #define
>>> Warning 225 "C:\Program Files (x86)\PICC\Devices\16F877A.h" Line 398(32,79): Duplicate #define
>>> Warning 225 "C:\Program Files (x86)\PICC\Devices\16F877A.h" Line 399(37,88): Duplicate #define
>>> Warning 225 "C:\Program Files (x86)\PICC\Devices\16F877A.h" Line 400(34,94): Duplicate #define
>>> Warning 225 "C:\Program Files (x86)\PICC\Devices\16F877A.h" Line 401(30,94): Duplicate #define
>>> Warning 225 "C:\Program Files (x86)\PICC\Devices\16F877A.h" Line 402(26,77): Duplicate #define
>>> Warning 225 "C:\Program Files (x86)\PICC\Devices\16F877A.h" Line 403(12,56): Duplicate #define
>>> Warning 225 "C:\Program Files (x86)\PICC\Devices\16F877A.h" Line 404(22,74): Duplicate #define
>>> Warning 225 "C:\Program Files (x86)\PICC\Devices\16F877A.h" Line 405(23,89): Duplicate #define
>>> Warning 225 "C:\Program Files (x86)\PICC\Devices\16F877A.h" Line 406(17,91): Duplicate #define
>>> Warning 225 "C:\Program Files (x86)\PICC\Devices\16F877A.h" Line 407(25,91): Duplicate #define
>>> Warning 225 "C:\Program Files (x86)\PICC\Devices\16F877A.h" Line 408(27,89): Duplicate #define
>>> Warning 225 "C:\Program Files (x86)\PICC\Devices\16F877A.h" Line 409(31,89): Duplicate #define
>>> Warning 225 "C:\Program Files (x86)\PICC\Devices\16F877A.h" Line 410(27,89): Duplicate #define
>>> Warning 225 "C:\Program Files (x86)\PICC\Devices\16F877A.h" Line 411(27,91): Duplicate #define
>>> Warning 225 "C:\Program Files (x86)\PICC\Devices\16F877A.h" Line 412(35,91): Duplicate #define
>>> Warning 225 "C:\Program Files (x86)\PICC\Devices\16F877A.h" Line 413(39,91): Duplicate #define
>>> Warning 225 "C:\Program Files (x86)\PICC\Devices\16F877A.h" Line 414(29,91): Duplicate #define
>>> Warning 225 "C:\Program Files (x86)\PICC\Devices\16F877A.h" Line 415(35,89): Duplicate #define
>>> Warning 225 "C:\Program Files (x86)\PICC\Devices\16F877A.h" Line 416(19,89): Duplicate #define
>>> Warning 225 "C:\Program Files (x86)\PICC\Devices\16F877A.h" Line 417(31,89): Duplicate #define
>>> Warning 225 "C:\Program Files (x86)\PICC\Devices\16F877A.h" Line 420(27,82): Duplicate #define
>>> Warning 225 "C:\Program Files (x86)\PICC\Devices\16F877A.h" Line 421(23,33): Duplicate #define
>>> Warning 225 "C:\Program Files (x86)\PICC\Devices\16F877A.h" Line 422(22,33): Duplicate #define
>>> Warning 225 "C:\Program Files (x86)\PICC\Devices\16F877A.h" Line 682(15,35): Duplicate #define
>>> Warning 225 "C:\Program Files (x86)\PICC\Devices\16F877A.h" Line 683(15,35): Duplicate #define
>>> Warning 225 "C:\Program Files (x86)\PICC\Devices\16F877A.h" Line 685(15,41): Duplicate #define
>>> Warning 225 "C:\Program Files (x86)\PICC\Devices\16F877A.h" Line 686(15,41): Duplicate #define
>>> Warning 225 "C:\Program Files (x86)\PICC\Devices\16F877A.h" Line 687(17,43): Duplicate #define
>>> Warning 225 "C:\Program Files (x86)\PICC\Devices\16F877A.h" Line 688(15,45): Duplicate #define
>>> Warning 225 "C:\Program Files (x86)\PICC\Devices\16F877A.h" Line 689(20,45): Duplicate #define
>>> Warning 225 "C:\Program Files (x86)\PICC\Devices\16F877A.h" Line 690(20,45): Duplicate #define
>>> Warning 225 "C:\Program Files (x86)\PICC\Devices\16F877A.h" Line 691(16,43): Duplicate #define
>>> Warning 225 "C:\Program Files (x86)\PICC\Devices\16F877A.h" Line 692(15,43): Duplicate #define
>>> Warning 225 "C:\Program Files (x86)\PICC\Devices\16F877A.h" Line 693(16,43): Duplicate #define
>>> Warning 225 "C:\Program Files (x86)\PICC\Devices\16F877A.h" Line 694(16,43): Duplicate #define
>>> Warning 225 "C:\Program Files (x86)\PICC\Devices\16F877A.h" Line 695(19,43): Duplicate #define
>>> Warning 225 "C:\Program Files (x86)\PICC\Devices\16F877A.h" Line 696(19,43): Duplicate #define
>>> Warning 225 "C:\Program Files (x86)\PICC\Devices\16F877A.h" Line 697(17,43): Duplicate #define
>>> Warning 225 "C:\Program Files (x86)\PICC\Devices\16F877A.h" Line 698(17,43): Duplicate #define
>>> Warning 225 "C:\Program Files (x86)\PICC\Devices\16F877A.h" Line 699(16,43): Duplicate #define
>>> Warning 225 "C:\Program Files (x86)\PICC\Devices\16F877A.h" Line 700(16,43): Duplicate #define
>>> Warning 225 "C:\Program Files (x86)\PICC\Devices\16F877A.h" Line 701(19,43): Duplicate #define
>>> Warning 225 "C:\Program Files (x86)\PICC\Devices\16F877A.h" Line 702(19,43): Duplicate #define
>>> Warning 225 "C:\Program Files (x86)\PICC\Devices\16F877A.h" Line 703(19,43): Duplicate #define
>>> Warning 225 "C:\Program Files (x86)\PICC\Devices\16F877A.h" Line 704(17,43): Duplicate #define
>>> Warning 216 "C:\Users\ACER\Dropbox\My PC (LAPTOP-BQ93S5HV)\Desktop\DO AN\CODE\IoT.c" Line 241(19,20): Interrupts disabled during call to prevent re-entrancy:  (@delay_ms3)
>>> Warning 216 "C:\Users\ACER\Dropbox\My PC (LAPTOP-BQ93S5HV)\Desktop\DO AN\CODE\IoT.c" Line 241(19,20): Interrupts disabled during call to prevent re-entrancy:  (@MULFF)
>>> Warning 216 "C:\Users\ACER\Dropbox\My PC (LAPTOP-BQ93S5HV)\Desktop\DO AN\CODE\IoT.c" Line 241(19,20): Interrupts disabled during call to prevent re-entrancy:  (@FTOSD)
>>> Warning 216 "C:\Users\ACER\Dropbox\My PC (LAPTOP-BQ93S5HV)\Desktop\DO AN\CODE\IoT.c" Line 241(19,20): Interrupts disabled during call to prevent re-entrancy:  (@DIV3232)
>>> Warning 216 "C:\Users\ACER\Dropbox\My PC (LAPTOP-BQ93S5HV)\Desktop\DO AN\CODE\IoT.c" Line 241(19,20): Interrupts disabled during call to prevent re-entrancy:  (@PSTRINGC7_9600_62_63)
>>> Warning 216 "C:\Users\ACER\Dropbox\My PC (LAPTOP-BQ93S5HV)\Desktop\DO AN\CODE\IoT.c" Line 241(19,20): Interrupts disabled during call to prevent re-entrancy:  (@PSTRINGCN7_9600_62_63)
>>> Warning 216 "C:\Users\ACER\Dropbox\My PC (LAPTOP-BQ93S5HV)\Desktop\DO AN\CODE\IoT.c" Line 241(19,20): Interrupts disabled during call to prevent re-entrancy:  (@PSTRINGR_9600_62_63)
>>> Warning 216 "C:\Users\ACER\Dropbox\My PC (LAPTOP-BQ93S5HV)\Desktop\DO AN\CODE\IoT.c" Line 241(19,20): Interrupts disabled during call to prevent re-entrancy:  (@ITOF)
>>> Warning 216 "C:\Users\ACER\Dropbox\My PC (LAPTOP-BQ93S5HV)\Desktop\DO AN\CODE\IoT.c" Line 241(19,20): Interrupts disabled during call to prevent re-entrancy:  (@ADDFF)
>>> Warning 216 "C:\Users\ACER\Dropbox\My PC (LAPTOP-BQ93S5HV)\Desktop\DO AN\CODE\IoT.c" Line 241(19,20): Interrupts disabled during call to prevent re-entrancy:  (@FLT)
>>> Warning 216 "C:\Users\ACER\Dropbox\My PC (LAPTOP-BQ93S5HV)\Desktop\DO AN\CODE\IoT.c" Line 241(19,20): Interrupts disabled during call to prevent re-entrancy:  (@DIVFF)
      Memory usage:   ROM=63%      RAM=39% - 54%
      0 Errors,  223 Warnings.
Build Successful.
