
ROM used:   228/8192 (3%)
            228/8192 (3%) including unused fragments

            0.3 Average locations per line
            3.6 Average locations per statement

RAM used:   9/368 (2%) at main() level
            10/368 (3%) worst case

Stack used: 2 worst case (2 in main + 0 for interrupts)
Stack size: 8

Lines Stmts  %   Files
----- ----- ---  -----
   69    64 100  keypadcode.c
    5     0   0  keypadcode.h
  707     0   0  ..\..\..\..\..\..\Program Files (x86)\PICC\Devices\16F877A.h
----- -----
  781    64 Total

Page ROM  %  RAM    Vol Diff  Functions:
---- --- --- ---    --- ----  ----------
0     22  10    1             @delay_ms1
0     34  15    1    282  3.2  TIMHANG
0    127  56    1   1131  8.7  KEYPRESS
0      8   4    0    760  4.5  @goto9667
0     33  14    0    188  3.1  MAIN
 Inline         0    399  2.4  @cinit1

Program metrics:
    Functions               5
    Statements              64
    Comments                122
    Volume (V)              3768
    Difficulty (D)          22.0
    Effort to implement (E) 82950
    Time to implement (T)   1 hours, 17 minutes
    Est Delivered Bugs (B)  1
    Cyclomatic Complexity   17
    Maintainability (MI)    143

 Segment     Used  Free
-----------  ----  ----
00000-00003     4  0  
00004-007FF   224  1820  
00800-00FFF     0  2048  
01000-017FF     0  2048  
01800-01FFF     0  2048  



